<?xml version="1.0" encoding="UTF-8"?>
<persistence version="2.1" xmlns="http://xmlns.jcp.org/xml/ns/persistence"
             xmlns:xsi="http://www.w3.org/2001/XMLSchema-instance"
             xsi:schemaLocation="http://java.sun.com/xml/ns/persistence
                                http://java.sun.com/xml/ns/persistence/persistence_2_1.xsd">
	<persistence-unit name="test">
		<jta-data-source>jdbc/__default</jta-data-source>
		<properties>
			<property name="eclipselink.ddl-generation" value="drop-and-create-tables" />
			<property name="eclipselink.logging.level" value="FINE" />
			<!--
            <property name="eclipselink.create-ddl-jdbc-file-name" value="createDDL_ddlGeneration.jdbc"/>
            <property name="eclipselink.drop-ddl-jdbc-file-name" value="dropDDL_ddlGeneration.jdbc"/>
            <property name="eclipselink.ddl-generation.output-mode" value="both"/>
            <property name="eclipselink.application-location" value="."/>
            -->
		</properties>
	</persistence-unit>
</persistence>