<?xml version="1.0" encoding="UTF-8"?>
<persistence version="2.0"
             xmlns="http://java.sun.com/xml/ns/persistence" xmlns:xsi="http://www.w3.org/2001/XMLSchema-instance"
             xsi:schemaLocation="http://java.sun.com/xml/ns/persistence">
    <persistence-unit name="test">
        <!-- If you are running in a production environment, add a managed
           data source, the example data source is just for proofs of concept! -->
        <jta-data-source>java:jboss/datasources/ExampleDS</jta-data-source>
        <properties>
            <!-- Bind entity manager factory to JNDI at java:jboss/myEntityManagerFactory -->
            <property name="jboss.entity.manager.factory.jndi.name" value="java:jboss/myEntityManagerFactory"/>
            <property name="jboss.entity.manager.jndi.name" value="java:/myEntityManager"/>

            <!-- Drop and re-create the database schema on startup -->
            <property name="hibernate.hbm2ddl.auto" value="create-drop"/>


            <property name="hibernate.show_sql" value="true"/>
            <property name="hibernate.format_sql" value="true"/>
            <property name="hibernate.transaction.flush_before_completion" value="true"/>
        </properties>
    </persistence-unit>
</persistence>